libs/AndroidAppUpdater/android-app-updater/build/intermediates/manifest_merge_blame_file/debug/manifest-merger-blame-debug-report.txt
1<?xml version="1.0" encoding="utf-8"?>
2<manifest xmlns:android="http://schemas.android.com/apk/res/android"
3    xmlns:tools="http://schemas.android.com/tools"
4    package="com.mobapphome.androidappupdater"
5    android:versionCode="1"
6    android:versionName="1.0.0" >
7
8    <uses-sdk android:minSdkVersion="16" />
9
10    <uses-permission android:name="android.permission.INTERNET" />
10-->src\main\AndroidManifest.xml:6:5-66
10-->src\main\AndroidManifest.xml:6:22-64
11    <uses-permission android:name="android.permission.WRITE_EXTERNAL_STORAGE" />
11-->src\main\AndroidManifest.xml:8:5-81
11-->src\main\AndroidManifest.xml:8:22-78
12    <uses-permission android:name="android.permission.REQUEST_INSTALL_PACKAGES" />
12-->src\main\AndroidManifest.xml:10:5-82
12-->src\main\AndroidManifest.xml:10:22-80
13
14    <application
14-->src\main\AndroidManifest.xml:11:5-14:19
15        android:allowBackup="true"
15-->src\main\AndroidManifest.xml:12:9-35
16        android:label="@string/app_name" >
16-->src\main\AndroidManifest.xml:13:9-41
17    </application>
18
19</manifest>